Log file open, 10/07/14 20:18:41
LogInit:Display: Running engine for game: Air_Hockey_Take2
LogInit: Version: 4.4.3-2296771+++depot+UE4-Releases+4.4
LogInit: API Version: 2255576
LogInit: Compiled (64-bit): Sep 13 2014 22:30:58
LogInit: Build Configuration: Development
LogInit: Branch Name: ++depot+UE4-Releases+4.4
LogInit: Command line:  
LogInit: Base directory: E:/Program Files/Unreal Engine 4/Unreal Engine/4.4/Engine/Binaries/Win64/
LogInit: Rocket: 1
[2014.10.08-01.18.41:717][  0]LogTaskGraph: Started task graph with 3 named threads and 4 total threads.
[2014.10.08-01.18.41:825][  0]LogOnline:Warning: No default platform service specified for OnlineSubsystem
[2014.10.08-01.18.41:987][  0]LogInit: Presizing for 0 objects not considered by GC, pre-allocating 0 bytes.
[2014.10.08-01.18.41:993][  0]LogInit: Object subsystem initialized
[2014.10.08-01.18.41:995][  0]LogInit: Selected Device Profile: [Windows]
[2014.10.08-01.18.41:995][  0]LogInit: Applying CVar settings loaded from the selected device profile: [Windows]
[2014.10.08-01.18.42:067][  0]LogInit: Computer: MAJ86-PC
[2014.10.08-01.18.42:067][  0]LogInit: User: maj86
[2014.10.08-01.18.42:068][  0]LogInit: CPU Page size=4096, Cores=4
[2014.10.08-01.18.42:068][  0]LogInit: High frequency timer resolution =3.417041 MHz
[2014.10.08-01.18.42:068][  0]LogMemory: Memory total: Physical=15.9GB (16GB approx) Virtual=8192.0GB
[2014.10.08-01.18.42:068][  0]LogMemory: Platform Memory Stats for Windows
[2014.10.08-01.18.42:068][  0]LogMemory: Process Physical Memory: 65.39 MB used, 65.39 MB peak
[2014.10.08-01.18.42:068][  0]LogMemory: Process Virtual Memory: 40.79 MB used, 40.79 MB peak
[2014.10.08-01.18.42:068][  0]LogMemory: Physical Memory: 3751.35 MB used, 16313.41 MB total
[2014.10.08-01.18.42:068][  0]LogMemory: Virtual Memory: 264.30 MB used, 8388608.00 MB total
[2014.10.08-01.18.42:179][  0]LogD3D11RHI: Found D3D11 adapter 0: NVIDIA GeForce GTX 770 (Feature Level 11_0)
[2014.10.08-01.18.42:179][  0]LogD3D11RHI: Adapter has 4027MB of dedicated video memory, 0MB of dedicated system memory, and 7900MB of shared system memory, 2 output[s]
[2014.10.08-01.18.42:179][  0]LogD3D11RHI: Chosen D3D11 Adapter Id = 0
[2014.10.08-01.18.42:186][  0]LogRHI: Texture pool is 1361 MB (70% of 1945 MB)
[2014.10.08-01.18.42:226][  0]LogD3D11RHI: Async texture creation enabled
[2014.10.08-01.18.43:107][  0]LogContentStreaming: Texture pool size is 0.000000MB
[2014.10.08-01.18.47:611][  0]LogTargetPlatformManager:Display: Building Assets For Windows
[2014.10.08-01.18.49:974][  0]LogTargetPlatformManager:Display: Building Assets For Windows
[2014.10.08-01.18.50:331][  0]LogDerivedDataCache:Display: Max Cache Size: 512 MB
[2014.10.08-01.18.50:447][  0]LogDerivedDataCache: Loaded boot cache 0.11s 39MB C:/Users/maj86/AppData/Local/UnrealEngine/4.4/DerivedDataCache/Boot.ddc.
[2014.10.08-01.18.50:447][  0]LogDerivedDataCache:Display: Loaded Boot cache: C:/Users/maj86/AppData/Local/UnrealEngine/4.4/DerivedDataCache/Boot.ddc
[2014.10.08-01.18.50:447][  0]LogDerivedDataCache: FDerivedDataBackendGraph:  Pak pak cache file ../../../../../../../My Documents/Unreal Projects/Air_Hockey_Take2 4.4/DerivedDataCache/DDC.ddp not found, will not use a pak cache.
[2014.10.08-01.18.50:447][  0]LogDerivedDataCache: Unable to find inner node Pak for hierarchical cache Hierarchy.
[2014.10.08-01.18.50:490][  0]LogDerivedDataCache:Display: Pak cache opened for reading ../../../Engine/DerivedDataCache/DDC.ddp.
[2014.10.08-01.18.50:514][  0]LogDerivedDataCache: Using Local data cache path C:/Users/maj86/AppData/Local/UnrealEngine/4.4/DerivedDataCache: Writable
[2014.10.08-01.18.53:264][  0]LogMeshUtilities: No automatic mesh reduction module available
[2014.10.08-01.18.53:264][  0]LogMeshUtilities: No automatic mesh merging module available
[2014.10.08-01.18.55:744][  0]LogInit: WinSock: version 1.1 (2.2), MaxSocks=32767, MaxUdp=65467
[2014.10.08-01.19.02:155][  0]LogStats:Warning: MetaData mismatch. Did you assign a stat to two groups? New //STATGROUP_Threads//FMonitoredProcess///Thread_6c4_0///////STATCAT_Advanced//// old //STATGROUP_Threads//FMonitoredProcess///Thread_2598_0///////STATCAT_Advanced////
[2014.10.08-01.19.02:155][  0]UdpMessaging: Initializing bridge on interface 0.0.0.0:0 to multicast group 230.0.0.1:6666.
[2014.10.08-01.19.03:137][  0]SourceControl: Info Source control is disabled
[2014.10.08-01.19.03:137][  0]SourceControl: Info Source control is disabled
[2014.10.08-01.19.03:230][  0]SourceControl: Info Source control is disabled
[2014.10.08-01.19.05:761][  0]BlueprintLog: New page: Editor Load
[2014.10.08-01.19.07:652][  0]LogObj: 21438 objects as part of root set at end of initial load.
[2014.10.08-01.19.07:652][  0]LogUObjectAllocator: 4218656 out of 0 bytes used by permanent object pool.
[2014.10.08-01.19.08:161][  0]LogEngine: Initializing Engine...
[2014.10.08-01.19.08:632][  0]LogInit: XAudio2 using 'G430 Headset (Logitech G430 Gaming Headset)' : 8 channels at 48 kHz using 16 bits per sample (channel mask 0x63f)
[2014.10.08-01.19.08:670][  0]LogInit: FAudioDevice initialized.
[2014.10.08-01.19.08:908][  0]LogAIModule: Creating AISystem for world NewWorld
[2014.10.08-01.19.08:936][  0]LogDerivedDataCache: Saved boot cache 0.03s 39MB C:/Users/maj86/AppData/Local/UnrealEngine/4.4/DerivedDataCache/Boot.ddc.
[2014.10.08-01.19.08:939][  0]LogInit: Texture streaming: Enabled
[2014.10.08-01.19.09:313][  0]LogInit: Transaction tracking system initialized
[2014.10.08-01.19.10:831][  0]LogAssetRegistry: FAssetRegistry took 0.0094 seconds to start up
[2014.10.08-01.19.15:536][  0]LogTargetPlatformManager:Display: Building Assets For Windows
[2014.10.08-01.19.17:364][  0]LogTargetPlatformManager:Display: Building Assets For Windows
[2014.10.08-01.19.18:919][  0]LogConsoleResponse:Display: 
[2014.10.08-01.19.21:126][  0]LogStats:Warning: MetaData mismatch. Did you assign a stat to two groups? New //STATGROUP_Threads//FMonitoredProcess///Thread_1fe4_0///////STATCAT_Advanced//// old //STATGROUP_Threads//FMonitoredProcess///Thread_2598_0///////STATCAT_Advanced////
[2014.10.08-01.19.21:126][  0]LogStats:Warning: MetaData mismatch. Did you assign a stat to two groups? New //STATGROUP_Threads//FMonitoredProcess///Thread_1320_0///////STATCAT_Advanced//// old //STATGROUP_Threads//FMonitoredProcess///Thread_2598_0///////STATCAT_Advanced////
[2014.10.08-01.19.21:126][  0]SourceControl: Info Source control is disabled
[2014.10.08-01.19.21:127][  0]Cmd: MAP LOAD FILE="../../../../../../../My Documents/Unreal Projects/Air_Hockey_Take2 4.4/Content/Maps/Table_room.umap" TEMPLATE=0 SHOWPROGRESS=1
[2014.10.08-01.19.21:144][  0]LightingResults: New page: Lighting Build
[2014.10.08-01.19.21:238][  0]MapCheck: New page: Map Check
[2014.10.08-01.19.21:238][  0]LightingResults: New page: Lighting Build
[2014.10.08-01.19.21:247][  0]LogParticles: Destroying 0 GPU particle simulations for FXSystem 0x00000000207C07C0
[2014.10.08-01.19.22:480][  0]LogEditorServer: Finished looking for orphan Actors (0.000 secs)
[2014.10.08-01.19.22:481][  0]LogAIModule: Creating AISystem for world Table_room
[2014.10.08-01.19.22:481][  0]Cmd: MAP CHECKDEP
[2014.10.08-01.19.22:482][  0]MapCheck: New page: Table_room - Oct 7, 2014, 3:19:22 PM
[2014.10.08-01.19.23:583][  0]MapCheck: Info ========== Map Check: 0 Error(s), 0 Warning(s), [1,101.861ms] ==========
[2014.10.08-01.19.23:583][  0]LogFileHelpers: Loading map 'Table_room' took 2.457
[2014.10.08-01.19.24:026][  0]LogCollectionManager: Loaded 0 collections in 0.002936 seconds
[2014.10.08-01.19.24:530][  0]LogCrashTracker: Crashtracker disabled due to settings.
[2014.10.08-01.19.24:670][  0]LogLoad: Full Startup: 50.72 seconds (BP compile: 0.01 seconds)
[2014.10.08-01.19.24:691][  0]LogContentBrowser:Verbose: The content browser source was changed by the sources view to '/Game/Air_Hockey/Blueprints'
[2014.10.08-01.19.25:327][  0]LogRenderer:Warning: Reallocating scene render targets to support 32x32.
[2014.10.08-01.19.25:458][  0]LogRenderer:Warning: Reallocating scene render targets to support 1136x896.
[2014.10.08-01.19.25:589][  2]LogAssetRegistry: Asset discovery search completed in 14.7674 seconds
[2014.10.08-01.19.33:844][801]LogPlayLevel: PIE:  No blueprints needed recompiling
[2014.10.08-01.19.33:844][801]PIE: New page: PIE session: Table_room (Oct 7, 2014, 3:19:33 PM)
[2014.10.08-01.19.33:873][801]LogPlayLevel: PIE: StaticDuplicateObject took: (0.028825s)
[2014.10.08-01.19.33:873][801]LogPlayLevel: PIE: World Init took: (0.000473s)
[2014.10.08-01.19.33:873][801]LogPlayLevel: PIE: Created PIE world by copying editor world from /Game/Maps/Table_room.Table_room to /Game/Maps/UEDPIE_0_Table_room.Table_room (0.029446s)
[2014.10.08-01.19.33:959][801]LogWorld: Game class is 'GameMode'
[2014.10.08-01.19.33:961][801]LogAIModule: Creating AISystem for world Table_room
[2014.10.08-01.19.33:963][801]LogWorld: Bringing World /Game/Maps/UEDPIE_0_Table_room.Table_room up for play (max tick rate 0) at 2014.10.07-20.19.33
[2014.10.08-01.19.33:963][801]LogWorld: Bringing up level for play took: 0.001704
[2014.10.08-01.19.33:964][801]PIE: Info Play in editor start time for /Game/Maps/UEDPIE_0_Table_room 0.944
[2014.10.08-01.19.34:039][802]LogRenderer:Warning: Reallocating scene render targets to support 1136x904.
[2014.10.08-01.19.38:694][344]LogParticles: Destroying 0 GPU particle simulations for FXSystem 0x00000000360A47C0
[2014.10.08-01.19.38:782][345]LogSynthBenchmark:Display: FSynthBenchmark (V0.92):
[2014.10.08-01.19.38:782][345]LogSynthBenchmark:Display: ===============
[2014.10.08-01.19.38:782][345]LogSynthBenchmark:Display: Main Processor:
[2014.10.08-01.19.38:821][345]LogSynthBenchmark:Display:          ... 0.017751 s/Run 'RayIntersect'
[2014.10.08-01.19.38:821][345]LogSynthBenchmark:Display:          ... 0.020624 s/Run 'Fractal'
[2014.10.08-01.19.38:821][345]LogSynthBenchmark:Display: 
[2014.10.08-01.19.38:821][345]LogSynthBenchmark:Display:   CompiledTarget_x_Bits: 64
[2014.10.08-01.19.38:821][345]LogSynthBenchmark:Display:   UE_BUILD_SHIPPING: 0
[2014.10.08-01.19.38:821][345]LogSynthBenchmark:Display:   UE_BUILD_TEST: 0
[2014.10.08-01.19.38:821][345]LogSynthBenchmark:Display:   UE_BUILD_DEBUG: 0
[2014.10.08-01.19.38:821][345]LogSynthBenchmark:Display:   TotalPhysicalGBRam: 16
[2014.10.08-01.19.38:821][345]LogSynthBenchmark:Display:   NumberOfCores (physical): 4
[2014.10.08-01.19.38:821][345]LogSynthBenchmark:Display:   NumberOfCores (logical): 8
[2014.10.08-01.19.38:821][345]LogSynthBenchmark:Display:   CPU Perf Index 0: 144.3
[2014.10.08-01.19.38:821][345]LogSynthBenchmark:Display:   CPU Perf Index 1: 138.7
[2014.10.08-01.19.38:821][345]LogSynthBenchmark:Display:  
[2014.10.08-01.19.38:821][345]LogSynthBenchmark:Display: Graphics:
[2014.10.08-01.19.38:821][345]LogSynthBenchmark:Display:   Adapter Name: 'NVIDIA GeForce GTX 770'
[2014.10.08-01.19.38:821][345]LogSynthBenchmark:Display:   (On Optimus the name might be wrong, memory should be ok)
[2014.10.08-01.19.38:821][345]LogSynthBenchmark:Display:   Vendor Id: 0x10de
[2014.10.08-01.19.38:821][345]LogSynthBenchmark:Display:   GPU Memory: 4028/0/7901 MB
[2014.10.08-01.19.38:821][345]LogSynthBenchmark:Display:   CPUIndex: 144.3
[2014.10.08-01.19.38:821][345]LogSynthBenchmark:Display:   GPUIndex: -1.$
[2014.10.08-01.19.38:821][345]LogSynthBenchmark:Display: 
[2014.10.08-01.19.38:821][345]LogSynthBenchmark:Display:          ... Total Time: 0.038525 sec
[2014.10.08-01.19.40:440][442]Cmd: QUIT_EDITOR
[2014.10.08-01.19.40:627][442]LogWindowsTextInputMethodSystem:Error: Terminating failed while unadvising the language notification sink from the TSF source.
[2014.10.08-01.19.40:632][442]LogExit: Preparing to exit.
[2014.10.08-01.19.41:318][442]LogExit: Editor shut down
[2014.10.08-01.19.41:319][442]LogExit: Transaction tracking system shut down
[2014.10.08-01.19.41:328][442]LogParticles: Destroying 0 GPU particle simulations for FXSystem 0x000000003687AC00
[2014.10.08-01.19.41:343][442]LogParticles: Destroying 0 GPU particle simulations for FXSystem 0x00000000363E9EE0
[2014.10.08-01.19.41:343][442]LogExit: Object subsystem successfully closed.
[2014.10.08-01.19.41:531][442]LogModuleManager: Shutting down and abandoning module SynthBenchmark (162)
[2014.10.08-01.19.41:531][442]LogModuleManager: Shutting down and abandoning module AndroidDeviceDetection (161)
[2014.10.08-01.19.41:531][442]LogModuleManager: Shutting down and abandoning module HTTP (160)
[2014.10.08-01.19.41:531][442]LogModuleManager: Shutting down and abandoning module CrashTracker (159)
[2014.10.08-01.19.41:531][442]LogModuleManager: Shutting down and abandoning module SuperSearch (158)
[2014.10.08-01.19.41:531][442]LogModuleManager: Shutting down and abandoning module SceneOutliner (157)
[2014.10.08-01.19.41:531][442]LogModuleManager: Shutting down and abandoning module EditorWidgets (156)
[2014.10.08-01.19.41:531][442]LogModuleManager: Shutting down and abandoning module CollectionManager (155)
[2014.10.08-01.19.41:531][442]LogModuleManager: Shutting down and abandoning module StatsViewer (154)
[2014.10.08-01.19.41:531][442]LogModuleManager: Shutting down and abandoning module FoliageEdit (153)
[2014.10.08-01.19.41:531][442]LogModuleManager: Shutting down and abandoning module LandscapeEditor (152)
[2014.10.08-01.19.41:531][442]LogModuleManager: Shutting down and abandoning module MeshPaint (151)
[2014.10.08-01.19.41:531][442]LogModuleManager: Shutting down and abandoning module ActorPickerMode (150)
[2014.10.08-01.19.41:531][442]LogModuleManager: Shutting down and abandoning module GeometryMode (149)
[2014.10.08-01.19.41:531][442]LogModuleManager: Shutting down and abandoning module TextureAlignMode (148)
[2014.10.08-01.19.41:531][442]LogModuleManager: Shutting down and abandoning module BspMode (147)
[2014.10.08-01.19.41:531][442]LogModuleManager: Shutting down and abandoning module PlacementMode (146)
[2014.10.08-01.19.41:531][442]LogModuleManager: Shutting down and abandoning module DesktopPlatform (145)
[2014.10.08-01.19.41:531][442]LogModuleManager: Shutting down and abandoning module AutomationWorker (144)
[2014.10.08-01.19.41:531][442]LogModuleManager: Shutting down and abandoning module EditorLiveStreaming (143)
[2014.10.08-01.19.41:531][442]LogModuleManager: Shutting down and abandoning module BehaviorTreeEditor (142)
[2014.10.08-01.19.41:531][442]LogModuleManager: Shutting down and abandoning module DeviceProfileEditor (141)
[2014.10.08-01.19.41:531][442]LogModuleManager: Shutting down and abandoning module UndoHistory (140)
[2014.10.08-01.19.41:531][442]LogModuleManager: Shutting down and abandoning module GameplayTagsEditor (139)
[2014.10.08-01.19.41:531][442]LogModuleManager: Shutting down and abandoning module UserFeedback (138)
[2014.10.08-01.19.41:531][442]LogModuleManager: Shutting down and abandoning module XmlParser (137)
[2014.10.08-01.19.41:531][442]LogModuleManager: Shutting down and abandoning module Blutility (136)
[2014.10.08-01.19.41:531][442]LogModuleManager: Shutting down and abandoning module IOSPlatformEditor (135)
[2014.10.08-01.19.41:531][442]LogModuleManager: Shutting down and abandoning module IOSRuntimeSettings (134)
[2014.10.08-01.19.41:531][442]LogModuleManager: Shutting down and abandoning module AndroidPlatformEditor (133)
[2014.10.08-01.19.41:532][442]LogModuleManager: Shutting down and abandoning module AndroidRuntimeSettings (132)
[2014.10.08-01.19.41:532][442]LogModuleManager: Shutting down and abandoning module ProjectTargetPlatformEditor (131)
[2014.10.08-01.19.41:532][442]LogModuleManager: Shutting down and abandoning module ProjectSettingsViewer (130)
[2014.10.08-01.19.41:532][442]LogModuleManager: Shutting down and abandoning module InputBindingEditor (129)
[2014.10.08-01.19.41:532][442]LogModuleManager: Shutting down and abandoning module EditorSettingsViewer (128)
[2014.10.08-01.19.41:532][442]LogModuleManager: Shutting down and abandoning module SettingsEditor (127)
[2014.10.08-01.19.41:532][442]LogModuleManager: Shutting down and abandoning module SessionLauncher (126)
[2014.10.08-01.19.41:532][442]LogModuleManager: Shutting down and abandoning module SessionFrontend (125)
[2014.10.08-01.19.41:532][442]LogModuleManager: Shutting down and abandoning module ProfilerClient (124)
[2014.10.08-01.19.41:532][442]LogModuleManager: Shutting down and abandoning module TargetDeviceServices (123)
[2014.10.08-01.19.41:532][442]LogModuleManager: Shutting down and abandoning module DeviceManager (122)
[2014.10.08-01.19.41:532][442]LogModuleManager: Shutting down and abandoning module AutomationController (121)
[2014.10.08-01.19.41:532][442]LogModuleManager: Shutting down and abandoning module AutomationWindow (120)
[2014.10.08-01.19.41:532][442]LogModuleManager: Shutting down and abandoning module Layers (119)
[2014.10.08-01.19.41:532][442]LogModuleManager: Shutting down and abandoning module ComponentVisualizers (118)
[2014.10.08-01.19.41:532][442]LogModuleManager: Shutting down and abandoning module DetailCustomizations (117)
[2014.10.08-01.19.41:532][442]LogModuleManager: Shutting down and abandoning module PackagesDialog (116)
[2014.10.08-01.19.41:532][442]LogModuleManager: Shutting down and abandoning module DirectoryWatcher (115)
[2014.10.08-01.19.41:533][442]LogModuleManager: Shutting down and abandoning module AssetRegistry (114)
[2014.10.08-01.19.41:669][442]LogModuleManager: Shutting down and abandoning module Persona (113)
[2014.10.08-01.19.41:669][442]LogModuleManager: Shutting down and abandoning module GraphEditor (112)
[2014.10.08-01.19.41:669][442]LogModuleManager: Shutting down and abandoning module ClassViewer (111)
[2014.10.08-01.19.41:669][442]LogModuleManager: Shutting down and abandoning module Toolbox (110)
[2014.10.08-01.19.41:669][442]LogModuleManager: Shutting down and abandoning module ModuleUI (109)
[2014.10.08-01.19.41:669][442]LogModuleManager: Shutting down and abandoning module Sequencer (108)
[2014.10.08-01.19.41:669][442]LogModuleManager: Shutting down and abandoning module MovieSceneTools (107)
[2014.10.08-01.19.41:669][442]LogModuleManager: Shutting down and abandoning module OutputLog (106)
[2014.10.08-01.19.41:669][442]LogModuleManager: Shutting down and abandoning module GammaUI (105)
[2014.10.08-01.19.41:669][442]LogModuleManager: Shutting down and abandoning module Documentation (104)
[2014.10.08-01.19.41:669][442]LogModuleManager: Shutting down and abandoning module GameLiveStreaming (103)
[2014.10.08-01.19.41:669][442]LogModuleManager: Shutting down and abandoning module StreamingPauseRendering (102)
[2014.10.08-01.19.41:669][442]LogModuleManager: Shutting down and abandoning module AnalyticsET (101)
[2014.10.08-01.19.41:669][442]LogModuleManager: Shutting down and abandoning module Analytics (100)
[2014.10.08-01.19.41:669][442]LogModuleManager: Shutting down and abandoning module GameplayDebugger (99)
[2014.10.08-01.19.41:669][442]LogModuleManager: Shutting down and abandoning module AIModule (98)
[2014.10.08-01.19.41:669][442]LogModuleManager: Shutting down and abandoning module ProfilerService (97)
[2014.10.08-01.19.41:673][442]LogModuleManager: Shutting down and abandoning module TaskGraph (96)
[2014.10.08-01.19.41:673][442]LogModuleManager: Shutting down and abandoning module SlateRemote (95)
[2014.10.08-01.19.41:673][442]LogModuleManager: Shutting down and abandoning module ScriptEditorPlugin (94)
[2014.10.08-01.19.41:673][442]LogModuleManager: Shutting down and abandoning module CustomMeshComponent (93)
[2014.10.08-01.19.41:673][442]LogModuleManager: Shutting down and abandoning module CableComponent (92)
[2014.10.08-01.19.41:673][442]LogModuleManager: Shutting down and abandoning module MessagingDebugger (91)
[2014.10.08-01.19.41:673][442]LogModuleManager: Shutting down and abandoning module ViewportSnapping (90)
[2014.10.08-01.19.41:673][442]LogModuleManager: Shutting down and abandoning module SmartSnapping (89)
[2014.10.08-01.19.41:673][442]LogModuleManager: Shutting down and abandoning module PaperTiledImporter (88)
[2014.10.08-01.19.41:673][442]LogModuleManager: Shutting down and abandoning module PaperJsonImporter (87)
[2014.10.08-01.19.41:673][442]LogModuleManager: Shutting down and abandoning module GameProjectGeneration (86)
[2014.10.08-01.19.41:673][442]LogModuleManager: Shutting down and abandoning module Matinee (85)
[2014.10.08-01.19.41:673][442]LogModuleManager: Shutting down and abandoning module Kismet (84)
[2014.10.08-01.19.41:673][442]LogModuleManager: Shutting down and abandoning module SlateReflector (83)
[2014.10.08-01.19.41:673][442]LogModuleManager: Shutting down and abandoning module LevelEditor (82)
[2014.10.08-01.19.41:674][442]LogModuleManager: Shutting down and abandoning module IntroTutorials (81)
[2014.10.08-01.19.41:674][442]LogModuleManager: Shutting down and abandoning module ContentBrowser (80)
[2014.10.08-01.19.41:674][442]LogModuleManager: Shutting down and abandoning module PropertyEditor (79)
[2014.10.08-01.19.41:674][442]LogModuleManager: Shutting down and abandoning module AssetTools (78)
[2014.10.08-01.19.41:674][442]LogModuleManager: Shutting down and abandoning module Paper2DEditor (77)
[2014.10.08-01.19.41:674][442]LogModuleManager: Shutting down and abandoning module SpeedTreeImporter (76)
[2014.10.08-01.19.41:674][442]LogModuleManager: Shutting down and abandoning module PluginsEditor (75)
[2014.10.08-01.19.41:674][442]LogModuleManager: Shutting down and abandoning module MainFrame (74)
[2014.10.08-01.19.41:674][442]LogModuleManager: Shutting down and abandoning module EpicSurvey (73)
[2014.10.08-01.19.41:674][442]LogModuleManager: Shutting down and abandoning module VisualStudioSourceCodeAccess (72)
[2014.10.08-01.19.41:674][442]LogModuleManager: Shutting down and abandoning module UObjectPlugin (71)
[2014.10.08-01.19.41:674][442]LogModuleManager: Shutting down and abandoning module SubversionSourceControl (70)
[2014.10.08-01.19.41:674][442]LogModuleManager: Shutting down and abandoning module SourceControl (69)
[2014.10.08-01.19.41:674][442]LogModuleManager: Shutting down and abandoning module PerforceSourceControl (68)
[2014.10.08-01.19.41:674][442]LogModuleManager: Shutting down and abandoning module BlankPlugin (67)
[2014.10.08-01.19.41:674][442]LogModuleManager: Shutting down and abandoning module ScriptPlugin (66)
[2014.10.08-01.19.41:674][442]LogModuleManager: Shutting down and abandoning module UdpMessaging (65)
[2014.10.08-01.19.41:774][442]LogModuleManager: Shutting down and abandoning module Paper2D (64)
[2014.10.08-01.19.41:774][442]LogModuleManager: Shutting down and abandoning module WindowsMoviePlayer (63)
[2014.10.08-01.19.41:776][442]LogModuleManager: Shutting down and abandoning module ImageWrapper (62)
[2014.10.08-01.19.41:776][442]LogModuleManager: Shutting down and abandoning module OnlineBlueprintSupport (61)
[2014.10.08-01.19.41:776][442]LogModuleManager: Shutting down and abandoning module FunctionalTesting (60)
[2014.10.08-01.19.41:776][442]LogModuleManager: Shutting down and abandoning module CollisionAnalyzer (59)
[2014.10.08-01.19.41:776][442]LogModuleManager: Shutting down and abandoning module WorkspaceMenuStructure (58)
[2014.10.08-01.19.41:776][442]LogModuleManager: Shutting down and abandoning module MessageLog (57)
[2014.10.08-01.19.41:776][442]LogModuleManager: Shutting down and abandoning module UMGEditor (56)
[2014.10.08-01.19.41:776][442]LogModuleManager: Shutting down and abandoning module UMG (55)
[2014.10.08-01.19.41:776][442]LogModuleManager: Shutting down and abandoning module Slate (54)
[2014.10.08-01.19.41:776][442]LogModuleManager: Shutting down and abandoning module EditorStyle (53)
[2014.10.08-01.19.41:783][442]LogModuleManager: Shutting down and abandoning module SessionServices (52)
[2014.10.08-01.19.41:783][442]LogModuleManager: Shutting down and abandoning module SourceCodeAccess (51)
[2014.10.08-01.19.41:783][442]LogModuleManager: Shutting down and abandoning module HeadMountedDisplay (50)
[2014.10.08-01.19.41:783][442]LogModuleManager: Shutting down and abandoning module XAudio2 (49)
[2014.10.08-01.19.41:783][442]LogModuleManager: Shutting down and abandoning module Networking (47)
[2014.10.08-01.19.41:783][442]LogModuleManager: Shutting down and abandoning module Core (46)
[2014.10.08-01.19.41:783][442]LogModuleManager: Shutting down and abandoning module KismetCompiler (45)
[2014.10.08-01.19.41:783][442]LogModuleManager: Shutting down and abandoning module PhysXFormats (44)
[2014.10.08-01.19.41:783][442]LogModuleManager: Shutting down and abandoning module MeshUtilities (43)
[2014.10.08-01.19.41:783][442]LogModuleManager: Shutting down and abandoning module DerivedDataCache (42)
[2014.10.08-01.19.42:009][442]LogDerivedDataCache: Shutdown
[2014.10.08-01.19.42:009][442]LogModuleManager: Shutting down and abandoning module ShaderFormatOpenGL (41)
[2014.10.08-01.19.42:009][442]LogModuleManager: Shutting down and abandoning module ShaderFormatD3D (40)
[2014.10.08-01.19.42:009][442]LogModuleManager: Shutting down and abandoning module MetalShaderFormat (39)
[2014.10.08-01.19.42:009][442]LogModuleManager: Shutting down and abandoning module TextureFormatUncompressed (38)
[2014.10.08-01.19.42:009][442]LogModuleManager: Shutting down and abandoning module TextureFormatPVR (37)
[2014.10.08-01.19.42:009][442]LogModuleManager: Shutting down and abandoning module TextureFormatDXT (36)
[2014.10.08-01.19.42:009][442]LogModuleManager: Shutting down and abandoning module TextureFormatAndroid (35)
[2014.10.08-01.19.42:009][442]LogModuleManager: Shutting down and abandoning module AudioFormatOpus (34)
[2014.10.08-01.19.42:010][442]LogModuleManager: Shutting down and abandoning module AudioFormatOgg (33)
[2014.10.08-01.19.42:010][442]LogModuleManager: Shutting down and abandoning module AudioFormatADPCM (32)
[2014.10.08-01.19.42:010][442]LogModuleManager: Shutting down and abandoning module Messaging (31)
[2014.10.08-01.19.42:010][442]LogModuleManager: Shutting down and abandoning module IOSTargetPlatform (30)
[2014.10.08-01.19.42:010][442]LogModuleManager: Shutting down and abandoning module Android_PVRTCTargetPlatform (29)
[2014.10.08-01.19.42:010][442]LogModuleManager: Shutting down and abandoning module Android_ETC2TargetPlatform (28)
[2014.10.08-01.19.42:010][442]LogModuleManager: Shutting down and abandoning module Android_ETC1TargetPlatform (27)
[2014.10.08-01.19.42:010][442]LogModuleManager: Shutting down and abandoning module Android_DXTTargetPlatform (26)
[2014.10.08-01.19.42:010][442]LogModuleManager: Shutting down and abandoning module Android_ATCTargetPlatform (25)
[2014.10.08-01.19.42:010][442]LogModuleManager: Shutting down and abandoning module AndroidTargetPlatform (24)
[2014.10.08-01.19.42:010][442]LogModuleManager: Shutting down and abandoning module WindowsTargetPlatform (23)
[2014.10.08-01.19.42:010][442]LogModuleManager: Shutting down and abandoning module WindowsServerTargetPlatform (22)
[2014.10.08-01.19.42:010][442]LogModuleManager: Shutting down and abandoning module WindowsNoEditorTargetPlatform (21)
[2014.10.08-01.19.42:010][442]LogModuleManager: Shutting down and abandoning module WindowsClientTargetPlatform (20)
[2014.10.08-01.19.42:010][442]LogModuleManager: Shutting down and abandoning module TargetPlatform (19)
[2014.10.08-01.19.42:010][442]LogModuleManager: Shutting down and abandoning module InputCore (18)
[2014.10.08-01.19.42:010][442]LogModuleManager: Shutting down and abandoning module Settings (17)
[2014.10.08-01.19.42:010][442]LogModuleManager: Shutting down and abandoning module ExampleDeviceProfileSelector (14)
[2014.10.08-01.19.42:010][442]LogModuleManager: Shutting down and abandoning module OculusRift (13)
[2014.10.08-01.19.42:010][442]LogModuleManager: Shutting down and abandoning module TextureCompressor (12)
[2014.10.08-01.19.42:010][442]LogModuleManager: Shutting down and abandoning module ShaderCore (11)
[2014.10.08-01.19.42:010][442]LogModuleManager: Shutting down and abandoning module OpenGLDrv (10)
[2014.10.08-01.19.42:010][442]LogModuleManager: Shutting down and abandoning module D3D11RHI (9)
[2014.10.08-01.19.42:010][442]LogModuleManager: Shutting down and abandoning module SlateRHIRenderer (8)
[2014.10.08-01.19.42:010][442]LogModuleManager: Shutting down and abandoning module Renderer (7)
[2014.10.08-01.19.42:010][442]LogModuleManager: Shutting down and abandoning module Engine (6)
[2014.10.08-01.19.42:010][442]LogModuleManager: Shutting down and abandoning module CoreUObject (5)
[2014.10.08-01.19.42:010][442]LogModuleManager: Shutting down and abandoning module NetworkFile (4)
[2014.10.08-01.19.42:010][442]LogModuleManager: Shutting down and abandoning module StreamingFile (3)
[2014.10.08-01.19.42:010][442]LogModuleManager: Shutting down and abandoning module SandboxFile (2)
[2014.10.08-01.19.42:010][442]LogModuleManager: Shutting down and abandoning module PakFile (1)
[2014.10.08-01.19.42:010][442]LogExit: Exiting.
[2014.10.08-01.19.42:022][442]Log file closed, 10/07/14 20:19:42
